HTTP/1.1 200 OK
Server: nginx
Date: Fri
 11 Nov 2016 16:25:31 GMT
Content-Type: application/json;charset=UTF-8
Transfer-Encoding: chunked
Connection: keep-alive
Vary: Accept-Encoding
X-AREQUESTID: 625x212547x1
X-ASEN: SEN-3261748
X-AUSERNAME: rtran%40lyonscg.com
X-ATENANT-ID: lyonscg.atlassian.net
Cache-Control: no-cache
 no-store
 no-transform
X-Content-Type-Options: nosniff
Set-Cookie: JSESSIONID=FB1C12ECE2F374C3C4C9431490C5F90C; Path=/; Secure; HttpOnly
Set-Cookie: atlassian.xsrf.token=BXG5-U024-J1WQ-576A|799fa560a4e1b5129f18ee5d5414b728bc6499e7|lin; Path=/; Secure
Strict-Transport-Security: max-age=315360000;includeSubDomains

"expand":"names
schema"
"startAt":0
"maxResults":10
"total":1
"issues":["expand":"operations
versionedRepresentations
editmeta
changelog
renderedFields"
"id":"34203"
"self":"https://lyonscg.atlassian.net/rest/api/2/issue/34203"
"key":"AHSR-1469"
"fields":"fixVersions":[]
"customfield_11200":null
"resolution":null
"customfield_10900":null
"customfield_12804":null
"customfield_12803":null
"customfield_12805":null
"lastViewed":"2016-11-11T09:34:32.803-0600"
"customfield_12000":null
"customfield_12001":null
"priority":"self":"https://lyonscg.atlassian.net/rest/api/2/priority/4"
"iconUrl":"https://lyonscg.atlassian.net/images/icons/priorities/low.svg"
"name":"Normal"
"id":"4"
"customfield_12400":null
"customfield_12402":"self":"https://lyonscg.atlassian.net/rest/api/2/user?username=kdailey%40lyonscg.com"
"name":"kdailey@lyonscg.com"
"key":"kdailey@lyonscg.com"
"emailAddress":"kdailey@lyonscg.com"
"avatarUrls":"48x48":"https://secure.gravatar.com/avatar/27f85ffd2bbf2bdc67150223e77902e4?d=mm&s=48"
"24x24":"https://secure.gravatar.com/avatar/27f85ffd2bbf2bdc67150223e77902e4?d=mm&s=24"
"16x16":"https://secure.gravatar.com/avatar/27f85ffd2bbf2bdc67150223e77902e4?d=mm&s=16"
"32x32":"https://secure.gravatar.com/avatar/27f85ffd2bbf2bdc67150223e77902e4?d=mm&s=32"
"displayName":"Kevin Dailey"
"active":true
"timeZone":"America/Chicago"
"labels":[]
"customfield_12401":null
"customfield_10610":null
"customfield_11700":null
"customfield_10611":null
"customfield_10612":null
"customfield_11702":null
"customfield_11701":null
"customfield_11704":null
"timeestimate":0
"aggregatetimeoriginalestimate":6300
"versions":[]
"customfield_11703":null
"customfield_11706":null
"issuelinks":["id":"35205"
"self":"https://lyonscg.atlassian.net/rest/api/2/issueLink/35205"
"type":"id":"10400"
"name":"Belongs To"
"inward":"Owns"
"outward":"Is Owned By"
"self":"https://lyonscg.atlassian.net/rest/api/2/issueLinkType/10400"
"inwardIssue":"id":"34205"
"key":"AHSR-1471"
"self":"https://lyonscg.atlassian.net/rest/api/2/issue/34205"
"fields":"summary":"@Emergency -- supervisord alert"
"status":"self":"https://lyonscg.atlassian.net/rest/api/2/status/10400"
"description":""
"iconUrl":"https://lyonscg.atlassian.net/images/icons/statuses/generic.png"
"name":"Rejected"
"id":"10400"
"statusCategory":"self":"https://lyonscg.atlassian.net/rest/api/2/statuscategory/3"
"id":3
"key":"done"
"colorName":"green"
"name":"Done"
"priority":"self":"https://lyonscg.atlassian.net/rest/api/2/priority/4"
"iconUrl":"https://lyonscg.atlassian.net/images/icons/priorities/low.svg"
"name":"Normal"
"id":"4"
"issuetype":"self":"https://lyonscg.atlassian.net/rest/api/2/issuetype/11102"
"id":"11102"
"description":"For system outages or incidents."
"iconUrl":"https://lyonscg.atlassian.net/secure/viewavatar?size=xsmall&avatarId=10304&avatarType=issuetype"
"name":"Incident"
"subtask":false
"avatarId":10304
"id":"35216"
"self":"https://lyonscg.atlassian.net/rest/api/2/issueLink/35216"
"type":"id":"10400"
"name":"Belongs To"
"inward":"Owns"
"outward":"Is Owned By"
"self":"https://lyonscg.atlassian.net/rest/api/2/issueLinkType/10400"
"inwardIssue":"id":"34215"
"key":"AHSR-1476"
"self":"https://lyonscg.atlassian.net/rest/api/2/issue/34215"
"fields":"summary":"@Emergency -- supervisord alert"
"status":"self":"https://lyonscg.atlassian.net/rest/api/2/status/11200"
"description":"Merged tickets. No action required."
"iconUrl":"https://lyonscg.atlassian.net/images/icons/statuses/generic.png"
"name":"Merged"
"id":"11200"
"statusCategory":"self":"https://lyonscg.atlassian.net/rest/api/2/statuscategory/3"
"id":3
"key":"done"
"colorName":"green"
"name":"Done"
"priority":"self":"https://lyonscg.atlassian.net/rest/api/2/priority/4"
"iconUrl":"https://lyonscg.atlassian.net/images/icons/priorities/low.svg"
"name":"Normal"
"id":"4"
"issuetype":"self":"https://lyonscg.atlassian.net/rest/api/2/issuetype/11102"
"id":"11102"
"description":"For system outages or incidents."
"iconUrl":"https://lyonscg.atlassian.net/secure/viewavatar?size=xsmall&avatarId=10304&avatarType=issuetype"
"name":"Incident"
"subtask":false
"avatarId":10304
"id":"35293"
"self":"https://lyonscg.atlassian.net/rest/api/2/issueLink/35293"
"type":"id":"10400"
"name":"Belongs To"
"inward":"Owns"
"outward":"Is Owned By"
"self":"https://lyonscg.atlassian.net/rest/api/2/issueLinkType/10400"
"inwardIssue":"id":"34258"
"key":"AHSR-1497"
"self":"https://lyonscg.atlassian.net/rest/api/2/issue/34258"
"fields":"summary":"Warning - WMIsurge02 Disk Space "
"status":"self":"https://lyonscg.atlassian.net/rest/api/2/status/11200"
"description":"Merged tickets. No action required."
"iconUrl":"https://lyonscg.atlassian.net/images/icons/statuses/generic.png"
"name":"Merged"
"id":"11200"
"statusCategory":"self":"https://lyonscg.atlassian.net/rest/api/2/statuscategory/3"
"id":3
"key":"done"
"colorName":"green"
"name":"Done"
"priority":"self":"https://lyonscg.atlassian.net/rest/api/2/priority/4"
"iconUrl":"https://lyonscg.atlassian.net/images/icons/priorities/low.svg"
"name":"Normal"
"id":"4"
"issuetype":"self":"https://lyonscg.atlassian.net/rest/api/2/issuetype/11300"
"id":"11300"
"description":"Investigation required to determine action"
"iconUrl":"https://lyonscg.atlassian.net/secure/viewavatar?size=xsmall&avatarId=10320&avatarType=issuetype"
"name":"Investigation"
"subtask":false
"avatarId":10320
"id":"35294"
"self":"https://lyonscg.atlassian.net/rest/api/2/issueLink/35294"
"type":"id":"10400"
"name":"Belongs To"
"inward":"Owns"
"outward":"Is Owned By"
"self":"https://lyonscg.atlassian.net/rest/api/2/issueLinkType/10400"
"inwardIssue":"id":"34260"
"key":"AHSR-1499"
"self":"https://lyonscg.atlassian.net/rest/api/2/issue/34260"
"fields":"summary":"Warning - wmg113surgeb Disk Space"
"status":"self":"https://lyonscg.atlassian.net/rest/api/2/status/11200"
"description":"Merged tickets. No action required."
"iconUrl":"https://lyonscg.atlassian.net/images/icons/statuses/generic.png"
"name":"Merged"
"id":"11200"
"statusCategory":"self":"https://lyonscg.atlassian.net/rest/api/2/statuscategory/3"
"id":3
"key":"done"
"colorName":"green"
"name":"Done"
"priority":"self":"https://lyonscg.atlassian.net/rest/api/2/priority/4"
"iconUrl":"https://lyonscg.atlassian.net/images/icons/priorities/low.svg"
"name":"Normal"
"id":"4"
"issuetype":"self":"https://lyonscg.atlassian.net/rest/api/2/issuetype/11300"
"id":"11300"
"description":"Investigation required to determine action"
"iconUrl":"https://lyonscg.atlassian.net/secure/viewavatar?size=xsmall&avatarId=10320&avatarType=issuetype"
"name":"Investigation"
"subtask":false
"avatarId":10320
"id":"35292"
"self":"https://lyonscg.atlassian.net/rest/api/2/issueLink/35292"
"type":"id":"10400"
"name":"Belongs To"
"inward":"Owns"
"outward":"Is Owned By"
"self":"https://lyonscg.atlassian.net/rest/api/2/issueLinkType/10400"
"inwardIssue":"id":"34296"
"key":"AHSR-1521"
"self":"https://lyonscg.atlassian.net/rest/api/2/issue/34296"
"fields":"summary":"@emergency For INSOUND - insoundweb01 HTTP CRITICAL"
"status":"self":"https://lyonscg.atlassian.net/rest/api/2/status/11200"
"description":"Merged tickets. No action required."
"iconUrl":"https://lyonscg.atlassian.net/images/icons/statuses/generic.png"
"name":"Merged"
"id":"11200"
"statusCategory":"self":"https://lyonscg.atlassian.net/rest/api/2/statuscategory/3"
"id":3
"key":"done"
"colorName":"green"
"name":"Done"
"priority":"self":"https://lyonscg.atlassian.net/rest/api/2/priority/4"
"iconUrl":"https://lyonscg.atlassian.net/images/icons/priorities/low.svg"
"name":"Normal"
"id":"4"
"issuetype":"self":"https://lyonscg.atlassian.net/rest/api/2/issuetype/11102"
"id":"11102"
"description":"For system outages or incidents."
"iconUrl":"https://lyonscg.atlassian.net/secure/viewavatar?size=xsmall&avatarId=10304&avatarType=issuetype"
"name":"Incident"
"subtask":false
"avatarId":10304
"id":"35295"
"self":"https://lyonscg.atlassian.net/rest/api/2/issueLink/35295"
"type":"id":"10400"
"name":"Belongs To"
"inward":"Owns"
"outward":"Is Owned By"
"self":"https://lyonscg.atlassian.net/rest/api/2/issueLinkType/10400"
"inwardIssue":"id":"34297"
"key":"AHSR-1522"
"self":"https://lyonscg.atlassian.net/rest/api/2/issue/34297"
"fields":"summary":"@emergency For INSOUND - insoundweb02 HTTP CRITICAL"
"status":"self":"https://lyonscg.atlassian.net/rest/api/2/status/11200"
"description":"Merged tickets. No action required."
"iconUrl":"https://lyonscg.atlassian.net/images/icons/statuses/generic.png"
"name":"Merged"
"id":"11200"
"statusCategory":"self":"https://lyonscg.atlassian.net/rest/api/2/statuscategory/3"
"id":3
"key":"done"
"colorName":"green"
"name":"Done"
"priority":"self":"https://lyonscg.atlassian.net/rest/api/2/priority/4"
"iconUrl":"https://lyonscg.atlassian.net/images/icons/priorities/low.svg"
"name":"Normal"
"id":"4"
"issuetype":"self":"https://lyonscg.atlassian.net/rest/api/2/issuetype/11102"
"id":"11102"
"description":"For system outages or incidents."
"iconUrl":"https://lyonscg.atlassian.net/secure/viewavatar?size=xsmall&avatarId=10304&avatarType=issuetype"
"name":"Incident"
"subtask":false
"avatarId":10304
"id":"35311"
"self":"https://lyonscg.atlassian.net/rest/api/2/issueLink/35311"
"type":"id":"10400"
"name":"Belongs To"
"inward":"Owns"
"outward":"Is Owned By"
"self":"https://lyonscg.atlassian.net/rest/api/2/issueLinkType/10400"
"inwardIssue":"id":"34304"
"key":"AHSR-1528"
"self":"https://lyonscg.atlassian.net/rest/api/2/issue/34304"
"fields":"summary":"@emergency For INSOUND - insoundweb01 HTTP CRITICAL"
"status":"self":"https://lyonscg.atlassian.net/rest/api/2/status/11200"
"description":"Merged tickets. No action required."
"iconUrl":"https://lyonscg.atlassian.net/images/icons/statuses/generic.png"
"name":"Merged"
"id":"11200"
"statusCategory":"self":"https://lyonscg.atlassian.net/rest/api/2/statuscategory/3"
"id":3
"key":"done"
"colorName":"green"
"name":"Done"
"priority":"self":"https://lyonscg.atlassian.net/rest/api/2/priority/4"
"iconUrl":"https://lyonscg.atlassian.net/images/icons/priorities/low.svg"
"name":"Normal"
"id":"4"
"issuetype":"self":"https://lyonscg.atlassian.net/rest/api/2/issuetype/11102"
"id":"11102"
"description":"For system outages or incidents."
"iconUrl":"https://lyonscg.atlassian.net/secure/viewavatar?size=xsmall&avatarId=10304&avatarType=issuetype"
"name":"Incident"
"subtask":false
"avatarId":10304
"id":"35312"
"self":"https://lyonscg.atlassian.net/rest/api/2/issueLink/35312"
"type":"id":"10400"
"name":"Belongs To"
"inward":"Owns"
"outward":"Is Owned By"
"self":"https://lyonscg.atlassian.net/rest/api/2/issueLinkType/10400"
"inwardIssue":"id":"34305"
"key":"AHSR-1529"
"self":"https://lyonscg.atlassian.net/rest/api/2/issue/34305"
"fields":"summary":"@emergency For INSOUND - insoundweb02 HTTP CRITICAL"
"status":"self":"https://lyonscg.atlassian.net/rest/api/2/status/11200"
"description":"Merged tickets. No action required."
"iconUrl":"https://lyonscg.atlassian.net/images/icons/statuses/generic.png"
"name":"Merged"
"id":"11200"
"statusCategory":"self":"https://lyonscg.atlassian.net/rest/api/2/statuscategory/3"
"id":3
"key":"done"
"colorName":"green"
"name":"Done"
"priority":"self":"https://lyonscg.atlassian.net/rest/api/2/priority/4"
"iconUrl":"https://lyonscg.atlassian.net/images/icons/priorities/low.svg"
"name":"Normal"
"id":"4"
"issuetype":"self":"https://lyonscg.atlassian.net/rest/api/2/issuetype/11102"
"id":"11102"
"description":"For system outages or incidents."
"iconUrl":"https://lyonscg.atlassian.net/secure/viewavatar?size=xsmall&avatarId=10304&avatarType=issuetype"
"name":"Incident"
"subtask":false
"avatarId":10304
"id":"35213"
"self":"https://lyonscg.atlassian.net/rest/api/2/issueLink/35213"
"type":"id":"10400"
"name":"Belongs To"
"inward":"Owns"
"outward":"Is Owned By"
"self":"https://lyonscg.atlassian.net/rest/api/2/issueLinkType/10400"
"inwardIssue":"id":"34212"
"key":"AHSR-1473"
"self":"https://lyonscg.atlassian.net/rest/api/2/issue/34212"
"fields":"summary":"@Emergency 3 minutes on WMI_SeperateSiteChecks"
"status":"self":"https://lyonscg.atlassian.net/rest/api/2/status/11200"
"description":"Merged tickets. No action required."
"iconUrl":"https://lyonscg.atlassian.net/images/icons/statuses/generic.png"
"name":"Merged"
"id":"11200"
"statusCategory":"self":"https://lyonscg.atlassian.net/rest/api/2/statuscategory/3"
"id":3
"key":"done"
"colorName":"green"
"name":"Done"
"priority":"self":"https://lyonscg.atlassian.net/rest/api/2/priority/5"
"iconUrl":"https://lyonscg.atlassian.net/images/icons/priorities/trivial.svg"
"name":"Trivial"
"id":"5"
"issuetype":"self":"https://lyonscg.atlassian.net/rest/api/2/issuetype/11102"
"id":"11102"
"description":"For system outages or incidents."
"iconUrl":"https://lyonscg.atlassian.net/secure/viewavatar?size=xsmall&avatarId=10304&avatarType=issuetype"
"name":"Incident"
"subtask":false
"avatarId":10304
"id":"35214"
"self":"https://lyonscg.atlassian.net/rest/api/2/issueLink/35214"
"type":"id":"10400"
"name":"Belongs To"
"inward":"Owns"
"outward":"Is Owned By"
"self":"https://lyonscg.atlassian.net/rest/api/2/issueLinkType/10400"
"inwardIssue":"id":"34213"
"key":"AHSR-1474"
"self":"https://lyonscg.atlassian.net/rest/api/2/issue/34213"
"fields":"summary":"@Emergency 3 minutes on WMI_SeperateSiteChecks"
"status":"self":"https://lyonscg.atlassian.net/rest/api/2/status/11200"
"description":"Merged tickets. No action required."
"iconUrl":"https://lyonscg.atlassian.net/images/icons/statuses/generic.png"
"name":"Merged"
"id":"11200"
"statusCategory":"self":"https://lyonscg.atlassian.net/rest/api/2/statuscategory/3"
"id":3
"key":"done"
"colorName":"green"
"name":"Done"
"priority":"self":"https://lyonscg.atlassian.net/rest/api/2/priority/5"
"iconUrl":"https://lyonscg.atlassian.net/images/icons/priorities/trivial.svg"
"name":"Trivial"
"id":"5"
"issuetype":"self":"https://lyonscg.atlassian.net/rest/api/2/issuetype/11102"
"id":"11102"
"description":"For system outages or incidents."
"iconUrl":"https://lyonscg.atlassian.net/secure/viewavatar?size=xsmall&avatarId=10304&avatarType=issuetype"
"name":"Incident"
"subtask":false
"avatarId":10304
"id":"35215"
"self":"https://lyonscg.atlassian.net/rest/api/2/issueLink/35215"
"type":"id":"10400"
"name":"Belongs To"
"inward":"Owns"
"outward":"Is Owned By"
"self":"https://lyonscg.atlassian.net/rest/api/2/issueLinkType/10400"
"inwardIssue":"id":"34214"
"key":"AHSR-1475"
"self":"https://lyonscg.atlassian.net/rest/api/2/issue/34214"
"fields":"summary":"@Emergency 3 minutes on MG Warner International"
"status":"self":"https://lyonscg.atlassian.net/rest/api/2/status/11200"
"description":"Merged tickets. No action required."
"iconUrl":"https://lyonscg.atlassian.net/images/icons/statuses/generic.png"
"name":"Merged"
"id":"11200"
"statusCategory":"self":"https://lyonscg.atlassian.net/rest/api/2/statuscategory/3"
"id":3
"key":"done"
"colorName":"green"
"name":"Done"
"priority":"self":"https://lyonscg.atlassian.net/rest/api/2/priority/5"
"iconUrl":"https://lyonscg.atlassian.net/images/icons/priorities/trivial.svg"
"name":"Trivial"
"id":"5"
"issuetype":"self":"https://lyonscg.atlassian.net/rest/api/2/issuetype/11102"
"id":"11102"
"description":"For system outages or incidents."
"iconUrl":"https://lyonscg.atlassian.net/secure/viewavatar?size=xsmall&avatarId=10304&avatarType=issuetype"
"name":"Incident"
"subtask":false
"avatarId":10304
"id":"35217"
"self":"https://lyonscg.atlassian.net/rest/api/2/issueLink/35217"
"type":"id":"10400"
"name":"Belongs To"
"inward":"Owns"
"outward":"Is Owned By"
"self":"https://lyonscg.atlassian.net/rest/api/2/issueLinkType/10400"
"inwardIssue":"id":"34216"
"key":"AHSR-1477"
"self":"https://lyonscg.atlassian.net/rest/api/2/issue/34216"
"fields":"summary":"MG Warner International has Recovered"
"status":"self":"https://lyonscg.atlassian.net/rest/api/2/status/11200"
"description":"Merged tickets. No action required."
"iconUrl":"https://lyonscg.atlassian.net/images/icons/statuses/generic.png"
"name":"Merged"
"id":"11200"
"statusCategory":"self":"https://lyonscg.atlassian.net/rest/api/2/statuscategory/3"
"id":3
"key":"done"
"colorName":"green"
"name":"Done"
"priority":"self":"https://lyonscg.atlassian.net/rest/api/2/priority/5"
"iconUrl":"https://lyonscg.atlassian.net/images/icons/priorities/trivial.svg"
"name":"Trivial"
"id":"5"
"issuetype":"self":"https://lyonscg.atlassian.net/rest/api/2/issuetype/11102"
"id":"11102"
"description":"For system outages or incidents."
"iconUrl":"https://lyonscg.atlassian.net/secure/viewavatar?size=xsmall&avatarId=10304&avatarType=issuetype"
"name":"Incident"
"subtask":false
"avatarId":10304
"id":"35218"
"self":"https://lyonscg.atlassian.net/rest/api/2/issueLink/35218"
"type":"id":"10400"
"name":"Belongs To"
"inward":"Owns"
"outward":"Is Owned By"
"self":"https://lyonscg.atlassian.net/rest/api/2/issueLinkType/10400"
"inwardIssue":"id":"34219"
"key":"AHSR-1478"
"self":"https://lyonscg.atlassian.net/rest/api/2/issue/34219"
"fields":"summary":"@Emergency 3 minutes on MG Warner International"
"status":"self":"https://lyonscg.atlassian.net/rest/api/2/status/11200"
"description":"Merged tickets. No action required."
"iconUrl":"https://lyonscg.atlassian.net/images/icons/statuses/generic.png"
"name":"Merged"
"id":"11200"
"statusCategory":"self":"https://lyonscg.atlassian.net/rest/api/2/statuscategory/3"
"id":3
"key":"done"
"colorName":"green"
"name":"Done"
"priority":"self":"https://lyonscg.atlassian.net/rest/api/2/priority/5"
"iconUrl":"https://lyonscg.atlassian.net/images/icons/priorities/trivial.svg"
"name":"Trivial"
"id":"5"
"issuetype":"self":"https://lyonscg.atlassian.net/rest/api/2/issuetype/11102"
"id":"11102"
"description":"For system outages or incidents."
"iconUrl":"https://lyonscg.atlassian.net/secure/viewavatar?size=xsmall&avatarId=10304&avatarType=issuetype"
"name":"Incident"
"subtask":false
"avatarId":10304
"id":"35219"
"self":"https://lyonscg.atlassian.net/rest/api/2/issueLink/35219"
"type":"id":"10400"
"name":"Belongs To"
"inward":"Owns"
"outward":"Is Owned By"
"self":"https://lyonscg.atlassian.net/rest/api/2/issueLinkType/10400"
"inwardIssue":"id":"34220"
"key":"AHSR-1479"
"self":"https://lyonscg.atlassian.net/rest/api/2/issue/34220"
"fields":"summary":"MG Warner International has Recovered"
"status":"self":"https://lyonscg.atlassian.net/rest/api/2/status/11200"
"description":"Merged tickets. No action required."
"iconUrl":"https://lyonscg.atlassian.net/images/icons/statuses/generic.png"
"name":"Merged"
"id":"11200"
"statusCategory":"self":"https://lyonscg.atlassian.net/rest/api/2/statuscategory/3"
"id":3
"key":"done"
"colorName":"green"
"name":"Done"
"priority":"self":"https://lyonscg.atlassian.net/rest/api/2/priority/5"
"iconUrl":"https://lyonscg.atlassian.net/images/icons/priorities/trivial.svg"
"name":"Trivial"
"id":"5"
"issuetype":"self":"https://lyonscg.atlassian.net/rest/api/2/issuetype/11102"
"id":"11102"
"description":"For system outages or incidents."
"iconUrl":"https://lyonscg.atlassian.net/secure/viewavatar?size=xsmall&avatarId=10304&avatarType=issuetype"
"name":"Incident"
"subtask":false
"avatarId":10304
"id":"35220"
"self":"https://lyonscg.atlassian.net/rest/api/2/issueLink/35220"
"type":"id":"10400"
"name":"Belongs To"
"inward":"Owns"
"outward":"Is Owned By"
"self":"https://lyonscg.atlassian.net/rest/api/2/issueLinkType/10400"
"inwardIssue":"id":"34221"
"key":"AHSR-1480"
"self":"https://lyonscg.atlassian.net/rest/api/2/issue/34221"
"fields":"summary":"WMI_SeperateSiteChecks has Recovered"
"status":"self":"https://lyonscg.atlassian.net/rest/api/2/status/11200"
"description":"Merged tickets. No action required."
"iconUrl":"https://lyonscg.atlassian.net/images/icons/statuses/generic.png"
"name":"Merged"
"id":"11200"
"statusCategory":"self":"https://lyonscg.atlassian.net/rest/api/2/statuscategory/3"
"id":3
"key":"done"
"colorName":"green"
"name":"Done"
"priority":"self":"https://lyonscg.atlassian.net/rest/api/2/priority/5"
"iconUrl":"https://lyonscg.atlassian.net/images/icons/priorities/trivial.svg"
"name":"Trivial"
"id":"5"
"issuetype":"self":"https://lyonscg.atlassian.net/rest/api/2/issuetype/11102"
"id":"11102"
"description":"For system outages or incidents."
"iconUrl":"https://lyonscg.atlassian.net/secure/viewavatar?size=xsmall&avatarId=10304&avatarType=issuetype"
"name":"Incident"
"subtask":false
"avatarId":10304
"id":"35242"
"self":"https://lyonscg.atlassian.net/rest/api/2/issueLink/35242"
"type":"id":"10400"
"name":"Belongs To"
"inward":"Owns"
"outward":"Is Owned By"
"self":"https://lyonscg.atlassian.net/rest/api/2/issueLinkType/10400"
"inwardIssue":"id":"34231"
"key":"AHSR-1482"
"self":"https://lyonscg.atlassian.net/rest/api/2/issue/34231"
"fields":"summary":"@Emergency 3 minutes on WMI_SeperateSiteChecks"
"status":"self":"https://lyonscg.atlassian.net/rest/api/2/status/11200"
"description":"Merged tickets. No action required."
"iconUrl":"https://lyonscg.atlassian.net/images/icons/statuses/generic.png"
"name":"Merged"
"id":"11200"
"statusCategory":"self":"https://lyonscg.atlassian.net/rest/api/2/statuscategory/3"
"id":3
"key":"done"
"colorName":"green"
"name":"Done"
"priority":"self":"https://lyonscg.atlassian.net/rest/api/2/priority/5"
"iconUrl":"https://lyonscg.atlassian.net/images/icons/priorities/trivial.svg"
"name":"Trivial"
"id":"5"
"issuetype":"self":"https://lyonscg.atlassian.net/rest/api/2/issuetype/11102"
"id":"11102"
"description":"For system outages or incidents."
"iconUrl":"https://lyonscg.atlassian.net/secure/viewavatar?size=xsmall&avatarId=10304&avatarType=issuetype"
"name":"Incident"
"subtask":false
"avatarId":10304
"id":"35243"
"self":"https://lyonscg.atlassian.net/rest/api/2/issueLink/35243"
"type":"id":"10400"
"name":"Belongs To"
"inward":"Owns"
"outward":"Is Owned By"
"self":"https://lyonscg.atlassian.net/rest/api/2/issueLinkType/10400"
"inwardIssue":"id":"34232"
"key":"AHSR-1483"
"self":"https://lyonscg.atlassian.net/rest/api/2/issue/34232"
"fields":"summary":"WMI_SeperateSiteChecks has Recovered"
"status":"self":"https://lyonscg.atlassian.net/rest/api/2/status/11200"
"description":"Merged tickets. No action required."
"iconUrl":"https://lyonscg.atlassian.net/images/icons/statuses/generic.png"
"name":"Merged"
"id":"11200"
"statusCategory":"self":"https://lyonscg.atlassian.net/rest/api/2/statuscategory/3"
"id":3
"key":"done"
"colorName":"green"
"name":"Done"
"priority":"self":"https://lyonscg.atlassian.net/rest/api/2/priority/5"
"iconUrl":"https://lyonscg.atlassian.net/images/icons/priorities/trivial.svg"
"name":"Trivial"
"id":"5"
"issuetype":"self":"https://lyonscg.atlassian.net/rest/api/2/issuetype/11102"
"id":"11102"
"description":"For system outages or incidents."
"iconUrl":"https://lyonscg.atlassian.net/secure/viewavatar?size=xsmall&avatarId=10304&avatarType=issuetype"
"name":"Incident"
"subtask":false
"avatarId":10304
"id":"35269"
"self":"https://lyonscg.atlassian.net/rest/api/2/issueLink/35269"
"type":"id":"10400"
"name":"Belongs To"
"inward":"Owns"
"outward":"Is Owned By"
"self":"https://lyonscg.atlassian.net/rest/api/2/issueLinkType/10400"
"inwardIssue":"id":"34274"
"key":"AHSR-1509"
"self":"https://lyonscg.atlassian.net/rest/api/2/issue/34274"
"fields":"summary":"@Emergency 3 minutes on MG Warner non-cached"
"status":"self":"https://lyonscg.atlassian.net/rest/api/2/status/11200"
"description":"Merged tickets. No action required."
"iconUrl":"https://lyonscg.atlassian.net/images/icons/statuses/generic.png"
"name":"Merged"
"id":"11200"
"statusCategory":"self":"https://lyonscg.atlassian.net/rest/api/2/statuscategory/3"
"id":3
"key":"done"
"colorName":"green"
"name":"Done"
"priority":"self":"https://lyonscg.atlassian.net/rest/api/2/priority/5"
"iconUrl":"https://lyonscg.atlassian.net/images/icons/priorities/trivial.svg"
"name":"Trivial"
"id":"5"
"issuetype":"self":"https://lyonscg.atlassian.net/rest/api/2/issuetype/11102"
"id":"11102"
"description":"For system outages or incidents."
"iconUrl":"https://lyonscg.atlassian.net/secure/viewavatar?size=xsmall&avatarId=10304&avatarType=issuetype"
"name":"Incident"
"subtask":false
"avatarId":10304
"id":"35270"
"self":"https://lyonscg.atlassian.net/rest/api/2/issueLink/35270"
"type":"id":"10400"
"name":"Belongs To"
"inward":"Owns"
"outward":"Is Owned By"
"self":"https://lyonscg.atlassian.net/rest/api/2/issueLinkType/10400"
"inwardIssue":"id":"34275"
"key":"AHSR-1510"
"self":"https://lyonscg.atlassian.net/rest/api/2/issue/34275"
"fields":"summary":"@Emergency 3 minutes on MG Warner customer login"
"status":"self":"https://lyonscg.atlassian.net/rest/api/2/status/11200"
"description":"Merged tickets. No action required."
"iconUrl":"https://lyonscg.atlassian.net/images/icons/statuses/generic.png"
"name":"Merged"
"id":"11200"
"statusCategory":"self":"https://lyonscg.atlassian.net/rest/api/2/statuscategory/3"
"id":3
"key":"done"
"colorName":"green"
"name":"Done"
"priority":"self":"https://lyonscg.atlassian.net/rest/api/2/priority/5"
"iconUrl":"https://lyonscg.atlassian.net/images/icons/priorities/trivial.svg"
"name":"Trivial"
"id":"5"
"issuetype":"self":"https://lyonscg.atlassian.net/rest/api/2/issuetype/11102"
"id":"11102"
"description":"For system outages or incidents."
"iconUrl":"https://lyonscg.atlassian.net/secure/viewavatar?size=xsmall&avatarId=10304&avatarType=issuetype"
"name":"Incident"
"subtask":false
"avatarId":10304
"id":"35271"
"self":"https://lyonscg.atlassian.net/rest/api/2/issueLink/35271"
"type":"id":"10400"
"name":"Belongs To"
"inward":"Owns"
"outward":"Is Owned By"
"self":"https://lyonscg.atlassian.net/rest/api/2/issueLinkType/10400"
"inwardIssue":"id":"34277"
"key":"AHSR-1511"
"self":"https://lyonscg.atlassian.net/rest/api/2/issue/34277"
"fields":"summary":"@Emergency 3 minutes on WMI_SeperateSiteChecks"
"status":"self":"https://lyonscg.atlassian.net/rest/api/2/status/11200"
"description":"Merged tickets. No action required."
"iconUrl":"https://lyonscg.atlassian.net/images/icons/statuses/generic.png"
"name":"Merged"
"id":"11200"
"statusCategory":"self":"https://lyonscg.atlassian.net/rest/api/2/statuscategory/3"
"id":3
"key":"done"
"colorName":"green"
"name":"Done"
"priority":"self":"https://lyonscg.atlassian.net/rest/api/2/priority/5"
"iconUrl":"https://lyonscg.atlassian.net/images/icons/priorities/trivial.svg"
"name":"Trivial"
"id":"5"
"issuetype":"self":"https://lyonscg.atlassian.net/rest/api/2/issuetype/11102"
"id":"11102"
"description":"For system outages or incidents."
"iconUrl":"https://lyonscg.atlassian.net/secure/viewavatar?size=xsmall&avatarId=10304&avatarType=issuetype"
"name":"Incident"
"subtask":false
"avatarId":10304
"id":"35272"
"self":"https://lyonscg.atlassian.net/rest/api/2/issueLink/35272"
"type":"id":"10400"
"name":"Belongs To"
"inward":"Owns"
"outward":"Is Owned By"
"self":"https://lyonscg.atlassian.net/rest/api/2/issueLinkType/10400"
"inwardIssue":"id":"34278"
"key":"AHSR-1512"
"self":"https://lyonscg.atlassian.net/rest/api/2/issue/34278"
"fields":"summary":"@Emergency 3 minutes on MG Warner Music 1.13"
"status":"self":"https://lyonscg.atlassian.net/rest/api/2/status/11200"
"description":"Merged tickets. No action required."
"iconUrl":"https://lyonscg.atlassian.net/images/icons/statuses/generic.png"
"name":"Merged"
"id":"11200"
"statusCategory":"self":"https://lyonscg.atlassian.net/rest/api/2/statuscategory/3"
"id":3
"key":"done"
"colorName":"green"
"name":"Done"
"priority":"self":"https://lyonscg.atlassian.net/rest/api/2/priority/5"
"iconUrl":"https://lyonscg.atlassian.net/images/icons/priorities/trivial.svg"
"name":"Trivial"
"id":"5"
"issuetype":"self":"https://lyonscg.atlassian.net/rest/api/2/issuetype/11102"
"id":"11102"
"description":"For system outages or incidents."
"iconUrl":"https://lyonscg.atlassian.net/secure/viewavatar?size=xsmall&avatarId=10304&avatarType=issuetype"
"name":"Incident"
"subtask":false
"avatarId":10304
"id":"35273"
"self":"https://lyonscg.atlassian.net/rest/api/2/issueLink/35273"
"type":"id":"10400"
"name":"Belongs To"
"inward":"Owns"
"outward":"Is Owned By"
"self":"https://lyonscg.atlassian.net/rest/api/2/issueLinkType/10400"
"inwardIssue":"id":"34280"
"key":"AHSR-1513"
"self":"https://lyonscg.atlassian.net/rest/api/2/issue/34280"
"fields":"summary":"@Emergency 10 minutes on MG Warner Music site load time"
"status":"self":"https://lyonscg.atlassian.net/rest/api/2/status/11200"
"description":"Merged tickets. No action required."
"iconUrl":"https://lyonscg.atlassian.net/images/icons/statuses/generic.png"
"name":"Merged"
"id":"11200"
"statusCategory":"self":"https://lyonscg.atlassian.net/rest/api/2/statuscategory/3"
"id":3
"key":"done"
"colorName":"green"
"name":"Done"
"priority":"self":"https://lyonscg.atlassian.net/rest/api/2/priority/5"
"iconUrl":"https://lyonscg.atlassian.net/images/icons/priorities/trivial.svg"
"name":"Trivial"
"id":"5"
"issuetype":"self":"https://lyonscg.atlassian.net/rest/api/2/issuetype/11102"
"id":"11102"
"description":"For system outages or incidents."
"iconUrl":"https://lyonscg.atlassian.net/secure/viewavatar?size=xsmall&avatarId=10304&avatarType=issuetype"
"name":"Incident"
"subtask":false
"avatarId":10304
"id":"35288"
"self":"https://lyonscg.atlassian.net/rest/api/2/issueLink/35288"
"type":"id":"10400"
"name":"Belongs To"
"inward":"Owns"
"outward":"Is Owned By"
"self":"https://lyonscg.atlassian.net/rest/api/2/issueLinkType/10400"
"inwardIssue":"id":"34283"
"key":"AHSR-1514"
"self":"https://lyonscg.atlassian.net/rest/api/2/issue/34283"
"fields":"summary":"@Emergency 3 minutes on MG Warner Artist Arena"
"status":"self":"https://lyonscg.atlassian.net/rest/api/2/status/11200"
"description":"Merged tickets. No action required."
"iconUrl":"https://lyonscg.atlassian.net/images/icons/statuses/generic.png"
"name":"Merged"
"id":"11200"
"statusCategory":"self":"https://lyonscg.atlassian.net/rest/api/2/statuscategory/3"
"id":3
"key":"done"
"colorName":"green"
"name":"Done"
"priority":"self":"https://lyonscg.atlassian.net/rest/api/2/priority/5"
"iconUrl":"https://lyonscg.atlassian.net/images/icons/priorities/trivial.svg"
"name":"Trivial"
"id":"5"
"issuetype":"self":"https://lyonscg.atlassian.net/rest/api/2/issuetype/11102"
"id":"11102"
"description":"For system outages or incidents."
"iconUrl":"https://lyonscg.atlassian.net/secure/viewavatar?size=xsmall&avatarId=10304&avatarType=issuetype"
"name":"Incident"
"subtask":false
"avatarId":10304
"id":"35289"
"self":"https://lyonscg.atlassian.net/rest/api/2/issueLink/35289"
"type":"id":"10400"
"name":"Belongs To"
"inward":"Owns"
"outward":"Is Owned By"
"self":"https://lyonscg.atlassian.net/rest/api/2/issueLinkType/10400"
"inwardIssue":"id":"34294"
"key":"AHSR-1520"
"self":"https://lyonscg.atlassian.net/rest/api/2/issue/34294"
"fields":"summary":"WMI_SeperateSiteChecks has Recovered"
"status":"self":"https://lyonscg.atlassian.net/rest/api/2/status/11200"
"description":"Merged tickets. No action required."
"iconUrl":"https://lyonscg.atlassian.net/images/icons/statuses/generic.png"
"name":"Merged"
"id":"11200"
"statusCategory":"self":"https://lyonscg.atlassian.net/rest/api/2/statuscategory/3"
"id":3
"key":"done"
"colorName":"green"
"name":"Done"
"priority":"self":"https://lyonscg.atlassian.net/rest/api/2/priority/5"
"iconUrl":"https://lyonscg.atlassian.net/images/icons/priorities/trivial.svg"
"name":"Trivial"
"id":"5"
"issuetype":"self":"https://lyonscg.atlassian.net/rest/api/2/issuetype/11102"
"id":"11102"
"description":"For system outages or incidents."
"iconUrl":"https://lyonscg.atlassian.net/secure/viewavatar?size=xsmall&avatarId=10304&avatarType=issuetype"
"name":"Incident"
"subtask":false
"avatarId":10304
"id":"35296"
"self":"https://lyonscg.atlassian.net/rest/api/2/issueLink/35296"
"type":"id":"10400"
"name":"Belongs To"
"inward":"Owns"
"outward":"Is Owned By"
"self":"https://lyonscg.atlassian.net/rest/api/2/issueLinkType/10400"
"inwardIssue":"id":"34298"
"key":"AHSR-1523"
"self":"https://lyonscg.atlassian.net/rest/api/2/issue/34298"
"fields":"summary":"MG Warner customer login has Recovered"
"status":"self":"https://lyonscg.atlassian.net/rest/api/2/status/11200"
"description":"Merged tickets. No action required."
"iconUrl":"https://lyonscg.atlassian.net/images/icons/statuses/generic.png"
"name":"Merged"
"id":"11200"
"statusCategory":"self":"https://lyonscg.atlassian.net/rest/api/2/statuscategory/3"
"id":3
"key":"done"
"colorName":"green"
"name":"Done"
"priority":"self":"https://lyonscg.atlassian.net/rest/api/2/priority/5"
"iconUrl":"https://lyonscg.atlassian.net/images/icons/priorities/trivial.svg"
"name":"Trivial"
"id":"5"
"issuetype":"self":"https://lyonscg.atlassian.net/rest/api/2/issuetype/11102"
"id":"11102"
"description":"For system outages or incidents."
"iconUrl":"https://lyonscg.atlassian.net/secure/viewavatar?size=xsmall&avatarId=10304&avatarType=issuetype"
"name":"Incident"
"subtask":false
"avatarId":10304
"id":"35297"
"self":"https://lyonscg.atlassian.net/rest/api/2/issueLink/35297"
"type":"id":"10400"
"name":"Belongs To"
"inward":"Owns"
"outward":"Is Owned By"
"self":"https://lyonscg.atlassian.net/rest/api/2/issueLinkType/10400"
"inwardIssue":"id":"34299"
"key":"AHSR-1524"
"self":"https://lyonscg.atlassian.net/rest/api/2/issue/34299"
"fields":"summary":"MG Warner Music 1.13 has Recovered"
"status":"self":"https://lyonscg.atlassian.net/rest/api/2/status/11200"
"description":"Merged tickets. No action required."
"iconUrl":"https://lyonscg.atlassian.net/images/icons/statuses/generic.png"
"name":"Merged"
"id":"11200"
"statusCategory":"self":"https://lyonscg.atlassian.net/rest/api/2/statuscategory/3"
"id":3
"key":"done"
"colorName":"green"
"name":"Done"
"priority":"self":"https://lyonscg.atlassian.net/rest/api/2/priority/5"
"iconUrl":"https://lyonscg.atlassian.net/images/icons/priorities/trivial.svg"
"name":"Trivial"
"id":"5"
"issuetype":"self":"https://lyonscg.atlassian.net/rest/api/2/issuetype/11102"
"id":"11102"
"description":"For system outages or incidents."
"iconUrl":"https://lyonscg.atlassian.net/secure/viewavatar?size=xsmall&avatarId=10304&avatarType=issuetype"
"name":"Incident"
"subtask":false
"avatarId":10304
"id":"35298"
"self":"https://lyonscg.atlassian.net/rest/api/2/issueLink/35298"
"type":"id":"10400"
"name":"Belongs To"
"inward":"Owns"
"outward":"Is Owned By"
"self":"https://lyonscg.atlassian.net/rest/api/2/issueLinkType/10400"
"inwardIssue":"id":"34300"
"key":"AHSR-1525"
"self":"https://lyonscg.atlassian.net/rest/api/2/issue/34300"
"fields":"summary":"MG Warner non-cached has Recovered"
"status":"self":"https://lyonscg.atlassian.net/rest/api/2/status/11200"
"description":"Merged tickets. No action required."
"iconUrl":"https://lyonscg.atlassian.net/images/icons/statuses/generic.png"
"name":"Merged"
"id":"11200"
"statusCategory":"self":"https://lyonscg.atlassian.net/rest/api/2/statuscategory/3"
"id":3
"key":"done"
"colorName":"green"
"name":"Done"
"priority":"self":"https://lyonscg.atlassian.net/rest/api/2/priority/5"
"iconUrl":"https://lyonscg.atlassian.net/images/icons/priorities/trivial.svg"
"name":"Trivial"
"id":"5"
"issuetype":"self":"https://lyonscg.atlassian.net/rest/api/2/issuetype/11102"
"id":"11102"
"description":"For system outages or incidents."
"iconUrl":"https://lyonscg.atlassian.net/secure/viewavatar?size=xsmall&avatarId=10304&avatarType=issuetype"
"name":"Incident"
"subtask":false
"avatarId":10304
"id":"35299"
"self":"https://lyonscg.atlassian.net/rest/api/2/issueLink/35299"
"type":"id":"10400"
"name":"Belongs To"
"inward":"Owns"
"outward":"Is Owned By"
"self":"https://lyonscg.atlassian.net/rest/api/2/issueLinkType/10400"
"inwardIssue":"id":"34301"
"key":"AHSR-1526"
"self":"https://lyonscg.atlassian.net/rest/api/2/issue/34301"
"fields":"summary":"@Emergency 45 minutes on MG Warner Music 1.13"
"status":"self":"https://lyonscg.atlassian.net/rest/api/2/status/11200"
"description":"Merged tickets. No action required."
"iconUrl":"https://lyonscg.atlassian.net/images/icons/statuses/generic.png"
"name":"Merged"
"id":"11200"
"statusCategory":"self":"https://lyonscg.atlassian.net/rest/api/2/statuscategory/3"
"id":3
"key":"done"
"colorName":"green"
"name":"Done"
"priority":"self":"https://lyonscg.atlassian.net/rest/api/2/priority/5"
"iconUrl":"https://lyonscg.atlassian.net/images/icons/priorities/trivial.svg"
"name":"Trivial"
"id":"5"
"issuetype":"self":"https://lyonscg.atlassian.net/rest/api/2/issuetype/11102"
"id":"11102"
"description":"For system outages or incidents."
"iconUrl":"https://lyonscg.atlassian.net/secure/viewavatar?size=xsmall&avatarId=10304&avatarType=issuetype"
"name":"Incident"
"subtask":false
"avatarId":10304
"id":"35300"
"self":"https://lyonscg.atlassian.net/rest/api/2/issueLink/35300"
"type":"id":"10400"
"name":"Belongs To"
"inward":"Owns"
"outward":"Is Owned By"
"self":"https://lyonscg.atlassian.net/rest/api/2/issueLinkType/10400"
"inwardIssue":"id":"34302"
"key":"AHSR-1527"
"self":"https://lyonscg.atlassian.net/rest/api/2/issue/34302"
"fields":"summary":"MG Warner Music site load time has Recovered"
"status":"self":"https://lyonscg.atlassian.net/rest/api/2/status/11200"
"description":"Merged tickets. No action required."
"iconUrl":"https://lyonscg.atlassian.net/images/icons/statuses/generic.png"
"name":"Merged"
"id":"11200"
"statusCategory":"self":"https://lyonscg.atlassian.net/rest/api/2/statuscategory/3"
"id":3
"key":"done"
"colorName":"green"
"name":"Done"
"priority":"self":"https://lyonscg.atlassian.net/rest/api/2/priority/5"
"iconUrl":"https://lyonscg.atlassian.net/images/icons/priorities/trivial.svg"
"name":"Trivial"
"id":"5"
"issuetype":"self":"https://lyonscg.atlassian.net/rest/api/2/issuetype/11102"
"id":"11102"
"description":"For system outages or incidents."
"iconUrl":"https://lyonscg.atlassian.net/secure/viewavatar?size=xsmall&avatarId=10304&avatarType=issuetype"
"name":"Incident"
"subtask":false
"avatarId":10304
"id":"35313"
"self":"https://lyonscg.atlassian.net/rest/api/2/issueLink/35313"
"type":"id":"10400"
"name":"Belongs To"
"inward":"Owns"
"outward":"Is Owned By"
"self":"https://lyonscg.atlassian.net/rest/api/2/issueLinkType/10400"
"inwardIssue":"id":"34306"
"key":"AHSR-1530"
"self":"https://lyonscg.atlassian.net/rest/api/2/issue/34306"
"fields":"summary":"@Emergency 3 minutes on MG Warner customer login"
"status":"self":"https://lyonscg.atlassian.net/rest/api/2/status/11200"
"description":"Merged tickets. No action required."
"iconUrl":"https://lyonscg.atlassian.net/images/icons/statuses/generic.png"
"name":"Merged"
"id":"11200"
"statusCategory":"self":"https://lyonscg.atlassian.net/rest/api/2/statuscategory/3"
"id":3
"key":"done"
"colorName":"green"
"name":"Done"
"priority":"self":"https://lyonscg.atlassian.net/rest/api/2/priority/5"
"iconUrl":"https://lyonscg.atlassian.net/images/icons/priorities/trivial.svg"
"name":"Trivial"
"id":"5"
"issuetype":"self":"https://lyonscg.atlassian.net/rest/api/2/issuetype/11102"
"id":"11102"
"description":"For system outages or incidents."
"iconUrl":"https://lyonscg.atlassian.net/secure/viewavatar?size=xsmall&avatarId=10304&avatarType=issuetype"
"name":"Incident"
"subtask":false
"avatarId":10304
"id":"35314"
"self":"https://lyonscg.atlassian.net/rest/api/2/issueLink/35314"
"type":"id":"10400"
"name":"Belongs To"
"inward":"Owns"
"outward":"Is Owned By"
"self":"https://lyonscg.atlassian.net/rest/api/2/issueLinkType/10400"
"inwardIssue":"id":"34307"
"key":"AHSR-1531"
"self":"https://lyonscg.atlassian.net/rest/api/2/issue/34307"
"fields":"summary":"@Emergency 3 minutes on MG Warner non-cached"
"status":"self":"https://lyonscg.atlassian.net/rest/api/2/status/11200"
"description":"Merged tickets. No action required."
"iconUrl":"https://lyonscg.atlassian.net/images/icons/statuses/generic.png"
"name":"Merged"
"id":"11200"
"statusCategory":"self":"https://lyonscg.atlassian.net/rest/api/2/statuscategory/3"
"id":3
"key":"done"
"colorName":"green"
"name":"Done"
"priority":"self":"https://lyonscg.atlassian.net/rest/api/2/priority/5"
"iconUrl":"https://lyonscg.atlassian.net/images/icons/priorities/trivial.svg"
"name":"Trivial"
"id":"5"
"issuetype":"self":"https://lyonscg.atlassian.net/rest/api/2/issuetype/11102"
"id":"11102"
"description":"For system outages or incidents."
"iconUrl":"https://lyonscg.atlassian.net/secure/viewavatar?size=xsmall&avatarId=10304&avatarType=issuetype"
"name":"Incident"
"subtask":false
"avatarId":10304
"id":"35315"
"self":"https://lyonscg.atlassian.net/rest/api/2/issueLink/35315"
"type":"id":"10400"
"name":"Belongs To"
"inward":"Owns"
"outward":"Is Owned By"
"self":"https://lyonscg.atlassian.net/rest/api/2/issueLinkType/10400"
"inwardIssue":"id":"34308"
"key":"AHSR-1532"
"self":"https://lyonscg.atlassian.net/rest/api/2/issue/34308"
"fields":"summary":"@Emergency 3 minutes on MG Warner Music 1.13"
"status":"self":"https://lyonscg.atlassian.net/rest/api/2/status/11200"
"description":"Merged tickets. No action required."
"iconUrl":"https://lyonscg.atlassian.net/images/icons/statuses/generic.png"
"name":"Merged"
"id":"11200"
"statusCategory":"self":"https://lyonscg.atlassian.net/rest/api/2/statuscategory/3"
"id":3
"key":"done"
"colorName":"green"
"name":"Done"
"priority":"self":"https://lyonscg.atlassian.net/rest/api/2/priority/5"
"iconUrl":"https://lyonscg.atlassian.net/images/icons/priorities/trivial.svg"
"name":"Trivial"
"id":"5"
"issuetype":"self":"https://lyonscg.atlassian.net/rest/api/2/issuetype/11102"
"id":"11102"
"description":"For system outages or incidents."
"iconUrl":"https://lyonscg.atlassian.net/secure/viewavatar?size=xsmall&avatarId=10304&avatarType=issuetype"
"name":"Incident"
"subtask":false
"avatarId":10304
"id":"35316"
"self":"https://lyonscg.atlassian.net/rest/api/2/issueLink/35316"
"type":"id":"10400"
"name":"Belongs To"
"inward":"Owns"
"outward":"Is Owned By"
"self":"https://lyonscg.atlassian.net/rest/api/2/issueLinkType/10400"
"inwardIssue":"id":"34311"
"key":"AHSR-1533"
"self":"https://lyonscg.atlassian.net/rest/api/2/issue/34311"
"fields":"summary":"@Emergency 10 minutes on MG Warner Music site load time"
"status":"self":"https://lyonscg.atlassian.net/rest/api/2/status/11200"
"description":"Merged tickets. No action required."
"iconUrl":"https://lyonscg.atlassian.net/images/icons/statuses/generic.png"
"name":"Merged"
"id":"11200"
"statusCategory":"self":"https://lyonscg.atlassian.net/rest/api/2/statuscategory/3"
"id":3
"key":"done"
"colorName":"green"
"name":"Done"
"priority":"self":"https://lyonscg.atlassian.net/rest/api/2/priority/5"
"iconUrl":"https://lyonscg.atlassian.net/images/icons/priorities/trivial.svg"
"name":"Trivial"
"id":"5"
"issuetype":"self":"https://lyonscg.atlassian.net/rest/api/2/issuetype/11102"
"id":"11102"
"description":"For system outages or incidents."
"iconUrl":"https://lyonscg.atlassian.net/secure/viewavatar?size=xsmall&avatarId=10304&avatarType=issuetype"
"name":"Incident"
"subtask":false
"avatarId":10304
"id":"35317"
"self":"https://lyonscg.atlassian.net/rest/api/2/issueLink/35317"
"type":"id":"10400"
"name":"Belongs To"
"inward":"Owns"
"outward":"Is Owned By"
"self":"https://lyonscg.atlassian.net/rest/api/2/issueLinkType/10400"
"inwardIssue":"id":"34312"
"key":"AHSR-1534"
"self":"https://lyonscg.atlassian.net/rest/api/2/issue/34312"
"fields":"summary":"MG Warner non-cached has Recovered"
"status":"self":"https://lyonscg.atlassian.net/rest/api/2/status/11200"
"description":"Merged tickets. No action required."
"iconUrl":"https://lyonscg.atlassian.net/images/icons/statuses/generic.png"
"name":"Merged"
"id":"11200"
"statusCategory":"self":"https://lyonscg.atlassian.net/rest/api/2/statuscategory/3"
"id":3
"key":"done"
"colorName":"green"
"name":"Done"
"priority":"self":"https://lyonscg.atlassian.net/rest/api/2/priority/5"
"iconUrl":"https://lyonscg.atlassian.net/images/icons/priorities/trivial.svg"
"name":"Trivial"
"id":"5"
"issuetype":"self":"https://lyonscg.atlassian.net/rest/api/2/issuetype/11102"
"id":"11102"
"description":"For system outages or incidents."
"iconUrl":"https://lyonscg.atlassian.net/secure/viewavatar?size=xsmall&avatarId=10304&avatarType=issuetype"
"name":"Incident"
"subtask":false
"avatarId":10304
"id":"35318"
"self":"https://lyonscg.atlassian.net/rest/api/2/issueLink/35318"
"type":"id":"10400"
"name":"Belongs To"
"inward":"Owns"
"outward":"Is Owned By"
"self":"https://lyonscg.atlassian.net/rest/api/2/issueLinkType/10400"
"inwardIssue":"id":"34313"
"key":"AHSR-1535"
"self":"https://lyonscg.atlassian.net/rest/api/2/issue/34313"
"fields":"summary":"MG Warner Music site load time has Recovered"
"status":"self":"https://lyonscg.atlassian.net/rest/api/2/status/11200"
"description":"Merged tickets. No action required."
"iconUrl":"https://lyonscg.atlassian.net/images/icons/statuses/generic.png"
"name":"Merged"
"id":"11200"
"statusCategory":"self":"https://lyonscg.atlassian.net/rest/api/2/statuscategory/3"
"id":3
"key":"done"
"colorName":"green"
"name":"Done"
"priority":"self":"https://lyonscg.atlassian.net/rest/api/2/priority/5"
"iconUrl":"https://lyonscg.atlassian.net/images/icons/priorities/trivial.svg"
"name":"Trivial"
"id":"5"
"issuetype":"self":"https://lyonscg.atlassian.net/rest/api/2/issuetype/11102"
"id":"11102"
"description":"For system outages or incidents."
"iconUrl":"https://lyonscg.atlassian.net/secure/viewavatar?size=xsmall&avatarId=10304&avatarType=issuetype"
"name":"Incident"
"subtask":false
"avatarId":10304
"id":"35319"
"self":"https://lyonscg.atlassian.net/rest/api/2/issueLink/35319"
"type":"id":"10400"
"name":"Belongs To"
"inward":"Owns"
"outward":"Is Owned By"
"self":"https://lyonscg.atlassian.net/rest/api/2/issueLinkType/10400"
"inwardIssue":"id":"34314"
"key":"AHSR-1536"
"self":"https://lyonscg.atlassian.net/rest/api/2/issue/34314"
"fields":"summary":"MG Warner Music 1.13 has Recovered"
"status":"self":"https://lyonscg.atlassian.net/rest/api/2/status/11200"
"description":"Merged tickets. No action required."
"iconUrl":"https://lyonscg.atlassian.net/images/icons/statuses/generic.png"
"name":"Merged"
"id":"11200"
"statusCategory":"self":"https://lyonscg.atlassian.net/rest/api/2/statuscategory/3"
"id":3
"key":"done"
"colorName":"green"
"name":"Done"
"priority":"self":"https://lyonscg.atlassian.net/rest/api/2/priority/5"
"iconUrl":"https://lyonscg.atlassian.net/images/icons/priorities/trivial.svg"
"name":"Trivial"
"id":"5"
"issuetype":"self":"https://lyonscg.atlassian.net/rest/api/2/issuetype/11102"
"id":"11102"
"description":"For system outages or incidents."
"iconUrl":"https://lyonscg.atlassian.net/secure/viewavatar?size=xsmall&avatarId=10304&avatarType=issuetype"
"name":"Incident"
"subtask":false
"avatarId":10304
"id":"35320"
"self":"https://lyonscg.atlassian.net/rest/api/2/issueLink/35320"
"type":"id":"10400"
"name":"Belongs To"
"inward":"Owns"
"outward":"Is Owned By"
"self":"https://lyonscg.atlassian.net/rest/api/2/issueLinkType/10400"
"inwardIssue":"id":"34315"
"key":"AHSR-1537"
"self":"https://lyonscg.atlassian.net/rest/api/2/issue/34315"
"fields":"summary":"MG Warner customer login has Recovered"
"status":"self":"https://lyonscg.atlassian.net/rest/api/2/status/11200"
"description":"Merged tickets. No action required."
"iconUrl":"https://lyonscg.atlassian.net/images/icons/statuses/generic.png"
"name":"Merged"
"id":"11200"
"statusCategory":"self":"https://lyonscg.atlassian.net/rest/api/2/statuscategory/3"
"id":3
"key":"done"
"colorName":"green"
"name":"Done"
"priority":"self":"https://lyonscg.atlassian.net/rest/api/2/priority/5"
"iconUrl":"https://lyonscg.atlassian.net/images/icons/priorities/trivial.svg"
"name":"Trivial"
"id":"5"
"issuetype":"self":"https://lyonscg.atlassian.net/rest/api/2/issuetype/11102"
"id":"11102"
"description":"For system outages or incidents."
"iconUrl":"https://lyonscg.atlassian.net/secure/viewavatar?size=xsmall&avatarId=10304&avatarType=issuetype"
"name":"Incident"
"subtask":false
"avatarId":10304]
"assignee":null
"status":"self":"https://lyonscg.atlassian.net/rest/api/2/status/1"
"description":""
"iconUrl":"https://lyonscg.atlassian.net/images/icons/statuses/open.png"
"name":"New"
"id":"1"
"statusCategory":"self":"https://lyonscg.atlassian.net/rest/api/2/statuscategory/2"
"id":2
"key":"new"
"colorName":"blue-gray"
"name":"To Do"
"components":[]
"customfield_11300":null
"customfield_10203":null
"customfield_10600":null
"customfield_10601":null
"customfield_10602":null
"customfield_12900":null
"customfield_10603":null
"aggregatetimeestimate":0
"customfield_10604":null
"customfield_10605":null
"customfield_10606":null
"customfield_10607":null
"customfield_10608":null
"customfield_10609":null
"creator":"self":"https://lyonscg.atlassian.net/rest/api/2/user?username=rtran%40lyonscg.com"
"name":"rtran@lyonscg.com"
"key":"rtran@lyonscg.com"
"emailAddress":"rtran@lyonscg.com"
"avatarUrls":"48x48":"https://secure.gravatar.com/avatar/f851ca13023c6e4b6054014b666e600f?d=mm&s=48"
"24x24":"https://secure.gravatar.com/avatar/f851ca13023c6e4b6054014b666e600f?d=mm&s=24"
"16x16":"https://secure.gravatar.com/avatar/f851ca13023c6e4b6054014b666e600f?d=mm&s=16"
"32x32":"https://secure.gravatar.com/avatar/f851ca13023c6e4b6054014b666e600f?d=mm&s=32"
"displayName":"Ray Tran"
"active":true
"timeZone":"America/Chicago"
"subtasks":[]
"reporter":"self":"https://lyonscg.atlassian.net/rest/api/2/user?username=rtran%40lyonscg.com"
"name":"rtran@lyonscg.com"
"key":"rtran@lyonscg.com"
"emailAddress":"rtran@lyonscg.com"
"avatarUrls":"48x48":"https://secure.gravatar.com/avatar/f851ca13023c6e4b6054014b666e600f?d=mm&s=48"
"24x24":"https://secure.gravatar.com/avatar/f851ca13023c6e4b6054014b666e600f?d=mm&s=24"
"16x16":"https://secure.gravatar.com/avatar/f851ca13023c6e4b6054014b666e600f?d=mm&s=16"
"32x32":"https://secure.gravatar.com/avatar/f851ca13023c6e4b6054014b666e600f?d=mm&s=32"
"displayName":"Ray Tran"
"active":true
"timeZone":"America/Chicago"
"aggregateprogress":"progress":6300
"total":6300
"percent":100
"customfield_10201":null
"customfield_12500":"self":"https://lyonscg.atlassian.net/rest/api/2/user?username=bwolfe"
"name":"bwolfe"
"key":"bwolfe"
"emailAddress":"bwolfe@lyonscg.com"
"avatarUrls":"48x48":"https://secure.gravatar.com/avatar/7a5ff7367331024e695279d39422c350?d=mm&s=48"
"24x24":"https://secure.gravatar.com/avatar/7a5ff7367331024e695279d39422c350?d=mm&s=24"
"16x16":"https://secure.gravatar.com/avatar/7a5ff7367331024e695279d39422c350?d=mm&s=16"
"32x32":"https://secure.gravatar.com/avatar/7a5ff7367331024e695279d39422c350?d=mm&s=32"
"displayName":"Brian Wolfe"
"active":true
"timeZone":"America/Chicago"
"customfield_11801":null
"customfield_11800":null
"progress":"progress":6300
"total":6300
"percent":100
"issuetype":"self":"https://lyonscg.atlassian.net/rest/api/2/issuetype/11102"
"id":"11102"
"description":"For system outages or incidents."
"iconUrl":"https://lyonscg.atlassian.net/secure/viewavatar?size=xsmall&avatarId=10304&avatarType=issuetype"
"name":"Incident"
"subtask":false
"avatarId":10304
"timespent":6300
"project":"self":"https://lyonscg.atlassian.net/rest/api/2/project/11400"
"id":"11400"
"key":"AHSR"
"name":"Application Hosting Service Request"
"avatarUrls":"48x48":"https://lyonscg.atlassian.net/secure/projectavatar?avatarId=10324"
"24x24":"https://lyonscg.atlassian.net/secure/projectavatar?size=small&avatarId=10324"
"16x16":"https://lyonscg.atlassian.net/secure/projectavatar?size=xsmall&avatarId=10324"
"32x32":"https://lyonscg.atlassian.net/secure/projectavatar?size=medium&avatarId=10324"
"projectCategory":"self":"https://lyonscg.atlassian.net/rest/api/2/projectCategory/10100"
"id":"10100"
"description":"Application Hosting Projects"
"name":"Application Hosting"
"aggregatetimespent":6300
"customfield_11401":null
"customfield_11400":null
"customfield_12602":null
"customfield_12601":null
"customfield_10700":null
"customfield_10701":null
"customfield_10702":null
"resolutiondate":null
"workratio":100
"watches":"self":"https://lyonscg.atlassian.net/rest/api/2/issue/AHSR-1469/watchers"
"watchCount":2
"isWatching":true
"created":"2016-11-10T07:46:01.000-0600"
"customfield_10020":null
"customfield_10021":null
"customfield_12200":""
"customfield_10022":null
"customfield_10023":"Not started"
"customfield_10024":null
"customfield_12600":null
"customfield_10016":null
"customfield_10017":null
"customfield_10018":null
"customfield_11900":"self":"https://lyonscg.atlassian.net/rest/api/2/user?username=schinn%40lyonscg.com"
"name":"schinn@lyonscg.com"
"key":"schinn"
"emailAddress":"schinn@lyonscg.com"
"avatarUrls":"48x48":"https://secure.gravatar.com/avatar/d7bce3d434f520c2c1d7006c130f70f0?d=mm&s=48"
"24x24":"https://secure.gravatar.com/avatar/d7bce3d434f520c2c1d7006c130f70f0?d=mm&s=24"
"16x16":"https://secure.gravatar.com/avatar/d7bce3d434f520c2c1d7006c130f70f0?d=mm&s=16"
"32x32":"https://secure.gravatar.com/avatar/d7bce3d434f520c2c1d7006c130f70f0?d=mm&s=32"
"displayName":"Stephen Chinn"
"active":true
"timeZone":"America/Chicago"
"customfield_10019":null
"updated":"2016-11-10T15:42:02.000-0600"
"timeoriginalestimate":6300
"description":"***** Nagios *****\r\n\r\nNotification Type: PROBLEM\r\n\r\nService: HTTP\r\nHost: insoundweb01\r\nAddress: 10.0.50.244\r\nState: CRITICAL\r\n\r\nDate/Time: Thu Nov 10 07:45:06 CST 2016\r\n\r\nAdditional Info:\r\n\r\nConnection refused\r\n\r\n http://nagios.wmg.vpn.lcgosc.com\n[Created via e-mail received from: nagios@wmcacti.internal.lcgosc.com]"
"customfield_10010":null
"customfield_11100":null
"customfield_11101":null
"customfield_11102":null
"customfield_10013":null
"customfield_11103":null
"customfield_10014":null
"customfield_10015":null
"customfield_12700":null
"customfield_10008":null
"customfield_10009":null
"summary":"@emergency - Warner"
"customfield_10000":"2016-11-10T13:24:45.547-0600"
"customfield_10001":null
"customfield_12301":null
"customfield_10002":"0|i02ll5:"
"customfield_12300":"self":"https://lyonscg.atlassian.net/rest/api/2/user?username=rtran%40lyonscg.com"
"name":"rtran@lyonscg.com"
"key":"rtran@lyonscg.com"
"emailAddress":"rtran@lyonscg.com"
"avatarUrls":"48x48":"https://secure.gravatar.com/avatar/f851ca13023c6e4b6054014b666e600f?d=mm&s=48"
"24x24":"https://secure.gravatar.com/avatar/f851ca13023c6e4b6054014b666e600f?d=mm&s=24"
"16x16":"https://secure.gravatar.com/avatar/f851ca13023c6e4b6054014b666e600f?d=mm&s=16"
"32x32":"https://secure.gravatar.com/avatar/f851ca13023c6e4b6054014b666e600f?d=mm&s=32"
"displayName":"Ray Tran"
"active":true
"timeZone":"America/Chicago"
"customfield_10003":null
"customfield_12303":null
"customfield_10004":null
"customfield_12302":null
"customfield_12811":null
"customfield_12810":null
"environment":null
"customfield_12812":null
"duedate":null]
